[0.012s] Invoking command in '/home/spider/ros2_ws/build/gwpspider_interfaces': CMAKE_PREFIX_PATH=${CMAKE_PREFIX_PATH}:/home/spider/ros2_ws/install/py_srvcli:/home/spider/ros2_ws/install/py_node_test:/home/spider/ros2_ws/install/flask_server:/opt/ros/humble /usr/bin/cmake --build /home/spider/ros2_ws/build/gwpspider_interfaces -- -j8 -l8
[0.066s] Error copying directory from "/home/spider/ros2_ws/src/gwpspider_interfaces/gwpspider_interfaces" to "/home/spider/ros2_ws/build/gwpspider_interfaces/ament_cmake_python/gwpspider_interfaces/gwpspider_interfaces".
[0.067s] gmake[2]: *** [CMakeFiles/ament_cmake_python_copy_gwpspider_interfaces.dir/build.make:70: CMakeFiles/ament_cmake_python_copy_gwpspider_interfaces] Error 1
[0.067s] gmake[1]: *** [CMakeFiles/Makefile2:396: CMakeFiles/ament_cmake_python_copy_gwpspider_interfaces.dir/all] Error 2
[0.067s] gmake[1]: *** Waiting for unfinished jobs....
[0.068s] [  0%] Built target gwpspider_interfaces__cpp
[0.076s] [ 14%] Built target gwpspider_interfaces__rosidl_generator_c
[0.077s] gmake: *** [Makefile:146: all] Error 2
[0.079s] Invoked command in '/home/spider/ros2_ws/build/gwpspider_interfaces' returned '2': CMAKE_PREFIX_PATH=${CMAKE_PREFIX_PATH}:/home/spider/ros2_ws/install/py_srvcli:/home/spider/ros2_ws/install/py_node_test:/home/spider/ros2_ws/install/flask_server:/opt/ros/humble /usr/bin/cmake --build /home/spider/ros2_ws/build/gwpspider_interfaces -- -j8 -l8
